<?xml version="1.0" encoding="UTF-8"?>
<!-- Generated by org.testng.reporters.JUnitXMLReporter -->
<testsuite hostname="LAPTOP-468AMR1I" ignored="0" name="Default test" tests="10" failures="0" timestamp="2022-05-17T20:52:19 IST" time="44.616" errors="0">
  <testcase name="loginApp" time="5.922" classname="Hybrid.logincrm"/>
  <testcase name="signupapp" time="7.692" classname="Hybrid.logincrm"/>
  <testcase name="searchupapp" time="3.089" classname="Hybrid.logincrm"/>
  <testcase name="Bedapp" time="7.355" classname="Hybrid.logincrm"/>
  <testcase name="Bedappcart" time="4.356" classname="Hybrid.logincrm"/>
  <testcase name="assertionaa" time="2.544" classname="Hybrid.logincrm"/>
  <testcase name="tvappcart" time="1.513" classname="Hybrid.logincrm"/>
  <testcase name="studyapp" time="2.928" classname="Hybrid.logincrm"/>
  <testcase name="aboutapp" time="0.846" classname="Hybrid.logincrm"/>
  <testcase name="infoapp" time="0.47" classname="Hybrid.logincrm"/>
</testsuite> <!-- Default test -->
