<?xml version="1.0" encoding="UTF-8"?>
<!-- Generated by org.testng.reporters.JUnitXMLReporter -->
<testsuite ignored="0" hostname="LAPTOP-VE8D4EC4" failures="0" tests="10" name="Test" time="38.346" errors="0" timestamp="2022-05-23T11:24:45 IST">
  <testcase classname="Hybrid.logincrm" name="loginApp" time="5.075"/>
  <testcase classname="Hybrid.logincrm" name="signupapp" time="7.126"/>
  <testcase classname="Hybrid.logincrm" name="searchupapp" time="3.684"/>
  <testcase classname="Hybrid.logincrm" name="Bedapp" time="7.734"/>
  <testcase classname="Hybrid.logincrm" name="Bedappcart" time="3.246"/>
  <testcase classname="Hybrid.logincrm" name="assertionaa" time="2.258"/>
  <testcase classname="Hybrid.logincrm" name="tvappcart" time="1.595"/>
  <testcase classname="Hybrid.logincrm" name="studyapp" time="2.14"/>
  <testcase classname="Hybrid.logincrm" name="aboutapp" time="0.593"/>
  <testcase classname="Hybrid.logincrm" name="infoapp" time="0.473"/>
</testsuite> <!-- Test -->
