<?xml version="1.0" encoding="UTF-8"?>
<testng-results ignored="0" total="10" passed="10" failed="0" skipped="0">
  <reporter-output>
  </reporter-output>
  <suite started-at="2022-05-23T11:24:07 IST" name="Suite" finished-at="2022-05-23T11:24:45 IST" duration-ms="38346">
    <groups>
    </groups>
    <test started-at="2022-05-23T11:24:07 IST" name="Test" finished-at="2022-05-23T11:24:45 IST" duration-ms="38346">
      <class name="Hybrid.logincrm">
        <test-method is-config="true" signature="setupsuite()[pri:0, instance:Hybrid.logincrm@55b7a4e0]" started-at="2022-05-23T11:24:06 IST" name="setupsuite" finished-at="2022-05-23T11:24:07 IST" duration-ms="113" status="PASS">
          <reporter-output>
          </reporter-output>
        </test-method> <!-- setupsuite -->
        <test-method is-config="true" signature="voidsetup()[pri:0, instance:Hybrid.logincrm@55b7a4e0]" started-at="2022-05-23T11:24:07 IST" name="voidsetup" finished-at="2022-05-23T11:24:11 IST" duration-ms="3981" status="PASS">
          <reporter-output>
          </reporter-output>
        </test-method> <!-- voidsetup -->
        <test-method signature="loginApp()[pri:1, instance:Hybrid.logincrm@55b7a4e0]" started-at="2022-05-23T11:24:11 IST" name="loginApp" finished-at="2022-05-23T11:24:16 IST" duration-ms="5075" status="PASS">
          <reporter-output>
          </reporter-output>
        </test-method> <!-- loginApp -->
        <test-method signature="signupapp()[pri:2, instance:Hybrid.logincrm@55b7a4e0]" started-at="2022-05-23T11:24:16 IST" name="signupapp" finished-at="2022-05-23T11:24:23 IST" duration-ms="7126" status="PASS">
          <reporter-output>
          </reporter-output>
        </test-method> <!-- signupapp -->
        <test-method signature="searchupapp()[pri:3, instance:Hybrid.logincrm@55b7a4e0]" started-at="2022-05-23T11:24:23 IST" name="searchupapp" finished-at="2022-05-23T11:24:26 IST" duration-ms="3684" status="PASS">
          <reporter-output>
          </reporter-output>
        </test-method> <!-- searchupapp -->
        <test-method signature="Bedapp()[pri:4, instance:Hybrid.logincrm@55b7a4e0]" started-at="2022-05-23T11:24:26 IST" name="Bedapp" finished-at="2022-05-23T11:24:34 IST" duration-ms="7734" status="PASS">
          <reporter-output>
          </reporter-output>
        </test-method> <!-- Bedapp -->
        <test-method signature="Bedappcart()[pri:5, instance:Hybrid.logincrm@55b7a4e0]" started-at="2022-05-23T11:24:34 IST" name="Bedappcart" finished-at="2022-05-23T11:24:37 IST" duration-ms="3246" status="PASS">
          <reporter-output>
          </reporter-output>
        </test-method> <!-- Bedappcart -->
        <test-method signature="assertionaa()[pri:6, instance:Hybrid.logincrm@55b7a4e0]" started-at="2022-05-23T11:24:37 IST" name="assertionaa" finished-at="2022-05-23T11:24:40 IST" duration-ms="2258" status="PASS">
          <reporter-output>
          </reporter-output>
        </test-method> <!-- assertionaa -->
        <test-method signature="tvappcart()[pri:7, instance:Hybrid.logincrm@55b7a4e0]" started-at="2022-05-23T11:24:40 IST" name="tvappcart" finished-at="2022-05-23T11:24:41 IST" duration-ms="1595" status="PASS">
          <reporter-output>
          </reporter-output>
        </test-method> <!-- tvappcart -->
        <test-method signature="studyapp()[pri:8, instance:Hybrid.logincrm@55b7a4e0]" started-at="2022-05-23T11:24:41 IST" name="studyapp" finished-at="2022-05-23T11:24:43 IST" duration-ms="2140" status="PASS">
          <reporter-output>
          </reporter-output>
        </test-method> <!-- studyapp -->
        <test-method signature="aboutapp()[pri:9, instance:Hybrid.logincrm@55b7a4e0]" started-at="2022-05-23T11:24:43 IST" name="aboutapp" finished-at="2022-05-23T11:24:44 IST" duration-ms="593" status="PASS">
          <reporter-output>
          </reporter-output>
        </test-method> <!-- aboutapp -->
        <test-method signature="infoapp()[pri:10, instance:Hybrid.logincrm@55b7a4e0]" started-at="2022-05-23T11:24:44 IST" name="infoapp" finished-at="2022-05-23T11:24:45 IST" duration-ms="473" status="PASS">
          <reporter-output>
          </reporter-output>
        </test-method> <!-- infoapp -->
        <test-method is-config="true" signature="teardown()[pri:0, instance:Hybrid.logincrm@55b7a4e0]" started-at="2022-05-23T11:24:45 IST" name="teardown" finished-at="2022-05-23T11:24:45 IST" duration-ms="376" status="PASS">
          <reporter-output>
          </reporter-output>
        </test-method> <!-- teardown -->
      </class> <!-- Hybrid.logincrm -->
    </test> <!-- Test -->
  </suite> <!-- Suite -->
</testng-results>
